# JRE version: Java(TM) SE Runtime Environment (8.0_131-b11) (build 1.8.0_131-b11)
# Java VM: Java HotSpot(TM) 64-Bit Server VM (25.131-b11 mixed mode windows-amd64 compressed oops)
Heap:
 PSYoungGen      total 136192K, used 8443K [0x00000000d6000000, 0x00000000df500000, 0x0000000100000000)
  eden space 126464K, 6% used [0x00000000d6000000,0x00000000d683ee88,0x00000000ddb80000)
  from space 9728K, 0% used [0x00000000deb80000,0x00000000deb80000,0x00000000df500000)
  to   space 9728K, 0% used [0x00000000ddb80000,0x00000000ddb80000,0x00000000de500000)
 ParOldGen       total 66560K, used 14662K [0x0000000082000000, 0x0000000086100000, 0x00000000d6000000)
  object space 66560K, 22% used [0x0000000082000000,0x0000000082e51b08,0x0000000086100000)
 Metaspace       used 27342K, capacity 27738K, committed 27904K, reserved 1075200K
  class space    used 3489K, capacity 3584K, committed 3584K, reserved 1048576K
GC Heap History (10 events):
Event: 1.621 GC heap after
Heap after GC invocations=5 (full 0):
 PSYoungGen      total 70656K, used 5090K [0x00000000d6000000, 0x00000000df200000, 0x0000000100000000)
  eden space 65536K, 0% used [0x00000000d6000000,0x00000000d6000000,0x00000000da000000)
  from space 5120K, 99% used [0x00000000da000000,0x00000000da4f88f8,0x00000000da500000)
  to   space 9216K, 0% used [0x00000000de900000,0x00000000de900000,0x00000000df200000)
 ParOldGen       total 86016K, used 13387K [0x0000000082000000, 0x0000000087400000, 0x00000000d6000000)
  object space 86016K, 15% used [0x0000000082000000,0x0000000082d12eb8,0x0000000087400000)
 Metaspace       used 20792K, capacity 21078K, committed 21296K, reserved 1069056K
  class space    used 2570K, capacity 2666K, committed 2688K, reserved 1048576K
}
Event: 1.621 GC heap before
{Heap before GC invocations=6 (full 1):
 PSYoungGen      total 70656K, used 5090K [0x00000000d6000000, 0x00000000df200000, 0x0000000100000000)
  eden space 65536K, 0% used [0x00000000d6000000,0x00000000d6000000,0x00000000da000000)
  from space 5120K, 99% used [0x00000000da000000,0x00000000da4f88f8,0x00000000da500000)
  to   space 9216K, 0% used [0x00000000de900000,0x00000000de900000,0x00000000df200000)
 ParOldGen       total 86016K, used 13387K [0x0000000082000000, 0x0000000087400000, 0x00000000d6000000)
  object space 86016K, 15% used [0x0000000082000000,0x0000000082d12eb8,0x0000000087400000)
 Metaspace       used 20792K, capacity 21078K, committed 21296K, reserved 1069056K
  class space    used 2570K, capacity 2666K, committed 2688K, reserved 1048576K
Event: 1.656 GC heap after
Heap after GC invocations=6 (full 1):
 PSYoungGen      total 70656K, used 0K [0x00000000d6000000, 0x00000000df200000, 0x0000000100000000)
  eden space 65536K, 0% used [0x00000000d6000000,0x00000000d6000000,0x00000000da000000)
  from space 5120K, 0% used [0x00000000da000000,0x00000000da000000,0x00000000da500000)
  to   space 9216K, 0% used [0x00000000de900000,0x00000000de900000,0x00000000df200000)
 ParOldGen       total 66560K, used 11687K [0x0000000082000000, 0x0000000086100000, 0x00000000d6000000)
  object space 66560K, 17% used [0x0000000082000000,0x0000000082b69d38,0x0000000086100000)
 Metaspace       used 20792K, capacity 21078K, committed 21296K, reserved 1069056K
  class space    used 2570K, capacity 2666K, committed 2688K, reserved 1048576K
}
Event: 2.131 GC heap before
{Heap before GC invocations=7 (full 1):
 PSYoungGen      total 70656K, used 65536K [0x00000000d6000000, 0x00000000df200000, 0x0000000100000000)
  eden space 65536K, 100% used [0x00000000d6000000,0x00000000da000000,0x00000000da000000)
  from space 5120K, 0% used [0x00000000da000000,0x00000000da000000,0x00000000da500000)
  to   space 9216K, 0% used [0x00000000de900000,0x00000000de900000,0x00000000df200000)
 ParOldGen       total 66560K, used 11687K [0x0000000082000000, 0x0000000086100000, 0x00000000d6000000)
  object space 66560K, 17% used [0x0000000082000000,0x0000000082b69d38,0x0000000086100000)
 Metaspace       used 21844K, capacity 22170K, committed 22576K, reserved 1069056K
  class space    used 2738K, capacity 2832K, committed 2944K, reserved 1048576K
Event: 2.135 GC heap after
Heap after GC invocations=7 (full 1):
 PSYoungGen      total 99840K, used 5629K [0x00000000d6000000, 0x00000000dee80000, 0x0000000100000000)
  eden space 94208K, 0% used [0x00000000d6000000,0x00000000d6000000,0x00000000dbc00000)
  from space 5632K, 99% used [0x00000000de900000,0x00000000dee7f408,0x00000000dee80000)
  to   space 9728K, 0% used [0x00000000ddb80000,0x00000000ddb80000,0x00000000de500000)
 ParOldGen       total 66560K, used 11695K [0x0000000082000000, 0x0000000086100000, 0x00000000d6000000)
  object space 66560K, 17% used [0x0000000082000000,0x0000000082b6bd38,0x0000000086100000)
 Metaspace       used 21844K, capacity 22170K, committed 22576K, reserved 1069056K
  class space    used 2738K, capacity 2832K, committed 2944K, reserved 1048576K
}
Event: 3.199 GC heap before
{Heap before GC invocations=8 (full 1):
 PSYoungGen      total 99840K, used 99837K [0x00000000d6000000, 0x00000000dee80000, 0x0000000100000000)
  eden space 94208K, 100% used [0x00000000d6000000,0x00000000dbc00000,0x00000000dbc00000)
  from space 5632K, 99% used [0x00000000de900000,0x00000000dee7f408,0x00000000dee80000)
  to   space 9728K, 0% used [0x00000000ddb80000,0x00000000ddb80000,0x00000000de500000)
 ParOldGen       total 66560K, used 11695K [0x0000000082000000, 0x0000000086100000, 0x00000000d6000000)
  object space 66560K, 17% used [0x0000000082000000,0x0000000082b6bd38,0x0000000086100000)
 Metaspace       used 26694K, capacity 27098K, committed 27392K, reserved 1073152K
  class space    used 3410K, capacity 3520K, committed 3584K, reserved 1048576K
Event: 3.211 GC heap after
Heap after GC invocations=8 (full 1):
 PSYoungGen      total 136192K, used 8712K [0x00000000d6000000, 0x00000000df500000, 0x0000000100000000)
  eden space 126464K, 0% used [0x00000000d6000000,0x00000000d6000000,0x00000000ddb80000)
  from space 9728K, 89% used [0x00000000ddb80000,0x00000000de4022a0,0x00000000de500000)
  to   space 9728K, 0% used [0x00000000deb80000,0x00000000deb80000,0x00000000df500000)
 ParOldGen       total 66560K, used 11703K [0x0000000082000000, 0x0000000086100000, 0x00000000d6000000)
  object space 66560K, 17% used [0x0000000082000000,0x0000000082b6dd38,0x0000000086100000)
 Metaspace       used 26694K, capacity 27098K, committed 27392K, reserved 1073152K
  class space    used 3410K, capacity 3520K, committed 3584K, reserved 1048576K
}
Event: 3.230 GC heap before
{Heap before GC invocations=9 (full 1):
 PSYoungGen      total 136192K, used 11073K [0x00000000d6000000, 0x00000000df500000, 0x0000000100000000)
  eden space 126464K, 1% used [0x00000000d6000000,0x00000000d624e4c0,0x00000000ddb80000)
  from space 9728K, 89% used [0x00000000ddb80000,0x00000000de4022a0,0x00000000de500000)
  to   space 9728K, 0% used [0x00000000deb80000,0x00000000deb80000,0x00000000df500000)
 ParOldGen       total 66560K, used 11703K [0x0000000082000000, 0x0000000086100000, 0x00000000d6000000)
  object space 66560K, 17% used [0x0000000082000000,0x0000000082b6dd38,0x0000000086100000)
 Metaspace       used 26819K, capacity 27162K, committed 27392K, reserved 1077248K
  class space    used 3430K, capacity 3520K, committed 3584K, reserved 1048576K
Event: 3.235 GC heap after
Heap after GC invocations=9 (full 1):
 PSYoungGen      total 136192K, used 4564K [0x00000000d6000000, 0x00000000df500000, 0x0000000100000000)
  eden space 126464K, 0% used [0x00000000d6000000,0x00000000d6000000,0x00000000ddb80000)
  from space 9728K, 46% used [0x00000000deb80000,0x00000000deff5030,0x00000000df500000)
  to   space 9728K, 0% used [0x00000000ddb80000,0x00000000ddb80000,0x00000000de500000)
 ParOldGen       total 66560K, used 11703K [0x0000000082000000, 0x0000000086100000, 0x00000000d6000000)
  object space 66560K, 17% used [0x0000000082000000,0x0000000082b6dd38,0x0000000086100000)
 Metaspace       used 26819K, capacity 27162K, committed 27392K, reserved 1077248K
  class space    used 3430K, capacity 3520K, committed 3584K, reserved 1048576K
}
Event: 3.235 GC heap before
{Heap before GC invocations=10 (full 2):
 PSYoungGen      total 136192K, used 4564K [0x00000000d6000000, 0x00000000df500000, 0x0000000100000000)
  eden space 126464K, 0% used [0x00000000d6000000,0x00000000d6000000,0x00000000ddb80000)
  from space 9728K, 46% used [0x00000000deb80000,0x00000000deff5030,0x00000000df500000)
  to   space 9728K, 0% used [0x00000000ddb80000,0x00000000ddb80000,0x00000000de500000)
 ParOldGen       total 66560K, used 11703K [0x0000000082000000, 0x0000000086100000, 0x00000000d6000000)
  object space 66560K, 17% used [0x0000000082000000,0x0000000082b6dd38,0x0000000086100000)
 Metaspace       used 26819K, capacity 27162K, committed 27392K, reserved 1077248K
  class space    used 3430K, capacity 3520K, committed 3584K, reserved 1048576K

